<?xml version="1.0" encoding="UTF-8"?>
<testng-results ignored="0" total="3" passed="3" failed="0" skipped="0">
  <reporter-output>
  </reporter-output>
  <suite started-at="2021-07-02T18:20:33 IST" name="Suite" finished-at="2021-07-02T18:21:44 IST" duration-ms="70954">
    <groups>
    </groups>
    <test started-at="2021-07-02T18:20:33 IST" name="Test" finished-at="2021-07-02T18:21:44 IST" duration-ms="70954">
      <class name="applications.LoginHome">
        <test-method is-config="true" signature="beforeSuite()[pri:0, instance:applications.LoginHome@31c88ec8]" started-at="2021-07-02T18:20:33 IST" name="beforeSuite" finished-at="2021-07-02T18:20:33 IST" duration-ms="217" status="PASS">
          <reporter-output>
          </reporter-output>
        </test-method> <!-- beforeSuite -->
        <test-method is-config="true" signature="beforeClass()[pri:0, instance:applications.LoginHome@31c88ec8]" started-at="2021-07-02T18:20:33 IST" name="beforeClass" finished-at="2021-07-02T18:20:45 IST" duration-ms="11160" status="PASS">
          <reporter-output>
          </reporter-output>
        </test-method> <!-- beforeClass -->
        <test-method signature="personalDetails()[pri:1, instance:applications.LoginHome@31c88ec8]" started-at="2021-07-02T18:20:45 IST" name="personalDetails" finished-at="2021-07-02T18:21:08 IST" duration-ms="23251" status="PASS">
          <reporter-output>
          </reporter-output>
        </test-method> <!-- personalDetails -->
        <test-method signature="addressDetails()[pri:2, instance:applications.LoginHome@31c88ec8]" started-at="2021-07-02T18:21:08 IST" name="addressDetails" finished-at="2021-07-02T18:21:13 IST" duration-ms="4800" status="PASS">
          <reporter-output>
          </reporter-output>
        </test-method> <!-- addressDetails -->
        <test-method signature="commoditySelect()[pri:3, instance:applications.LoginHome@31c88ec8]" started-at="2021-07-02T18:21:13 IST" name="commoditySelect" finished-at="2021-07-02T18:21:44 IST" duration-ms="30867" status="PASS">
          <reporter-output>
          </reporter-output>
        </test-method> <!-- commoditySelect -->
        <test-method is-config="true" signature="afterClass()[pri:0, instance:applications.LoginHome@31c88ec8]" started-at="2021-07-02T18:21:44 IST" name="afterClass" finished-at="2021-07-02T18:21:44 IST" duration-ms="841" status="PASS">
          <reporter-output>
          </reporter-output>
        </test-method> <!-- afterClass -->
      </class> <!-- applications.LoginHome -->
    </test> <!-- Test -->
  </suite> <!-- Suite -->
</testng-results>
