<?xml version="1.0" encoding="UTF-8"?>
<!-- Generated by org.testng.reporters.JUnitXMLReporter -->
<testsuite ignored="0" hostname="DESKTOP-HCCQD1D" failures="0" tests="3" name="Test" time="70.954" errors="0" timestamp="2021-07-02T18:21:44 IST">
  <testcase classname="applications.LoginHome" name="personalDetails" time="23.251"/>
  <testcase classname="applications.LoginHome" name="addressDetails" time="4.8"/>
  <testcase classname="applications.LoginHome" name="commoditySelect" time="30.867"/>
</testsuite> <!-- Test -->
